Jan 16 2024 10:22:19
{"type":8192,"message":"Using ${var} in strings is deprecated, use {$var} instead","file":"C:\\xampp\\htdocs\\testsite\\wp-content\\plugins\\simply-static\\src\\class-ss-query.php","line":397}

Jan 16 2024 10:22:19
{"type":8192,"message":"Using ${var} in strings is deprecated, use {$var} instead","file":"C:\\xampp\\htdocs\\testsite\\wp-content\\plugins\\simply-static\\src\\class-ss-query.php","line":397}

Jan 16 2024 10:22:20
{"type":8192,"message":"Using ${var} in strings is deprecated, use {$var} instead","file":"C:\\xampp\\htdocs\\testsite\\wp-content\\plugins\\simply-static\\src\\class-ss-query.php","line":397}

Jan 16 2024 10:22:20
{"type":8192,"message":"Using ${var} in strings is deprecated, use {$var} instead","file":"C:\\xampp\\htdocs\\testsite\\wp-content\\plugins\\simply-static\\src\\class-ss-query.php","line":397}

Jan 16 2024 10:22:21
{"type":8192,"message":"Using ${var} in strings is deprecated, use {$var} instead","file":"C:\\xampp\\htdocs\\testsite\\wp-content\\plugins\\simply-static\\src\\class-ss-query.php","line":397}

Jan 16 2024 10:22:21
{"type":8192,"message":"Using ${var} in strings is deprecated, use {$var} instead","file":"C:\\xampp\\htdocs\\testsite\\wp-content\\plugins\\simply-static\\src\\class-ss-query.php","line":397}

Jan 16 2024 10:22:22
{"type":8192,"message":"Using ${var} in strings is deprecated, use {$var} instead","file":"C:\\xampp\\htdocs\\testsite\\wp-content\\plugins\\simply-static\\src\\class-ss-query.php","line":397}

Jan 16 2024 10:22:23
{"type":8192,"message":"Using ${var} in strings is deprecated, use {$var} instead","file":"C:\\xampp\\htdocs\\testsite\\wp-content\\plugins\\simply-static\\src\\class-ss-query.php","line":397}

Jan 16 2024 10:22:23
{"type":8192,"message":"Using ${var} in strings is deprecated, use {$var} instead","file":"C:\\xampp\\htdocs\\testsite\\wp-content\\plugins\\simply-static\\src\\class-ss-query.php","line":397}

Jan 16 2024 10:22:24
{"type":8192,"message":"Using ${var} in strings is deprecated, use {$var} instead","file":"C:\\xampp\\htdocs\\testsite\\wp-content\\plugins\\simply-static\\src\\class-ss-query.php","line":397}

Jan 16 2024 10:22:26
{"type":8192,"message":"Using ${var} in strings is deprecated, use {$var} instead","file":"C:\\xampp\\htdocs\\testsite\\wp-content\\plugins\\simply-static\\src\\class-ss-query.php","line":397}

Jan 16 2024 10:22:26
{"type":8192,"message":"Using ${var} in strings is deprecated, use {$var} instead","file":"C:\\xampp\\htdocs\\testsite\\wp-content\\plugins\\simply-static\\src\\class-ss-query.php","line":397}

Jan 16 2024 10:22:27
{"type":8192,"message":"Using ${var} in strings is deprecated, use {$var} instead","file":"C:\\xampp\\htdocs\\testsite\\wp-content\\plugins\\simply-static\\src\\class-ss-query.php","line":397}

Jan 16 2024 10:22:27
{"type":8192,"message":"Using ${var} in strings is deprecated, use {$var} instead","file":"C:\\xampp\\htdocs\\testsite\\wp-content\\plugins\\simply-static\\src\\class-ss-query.php","line":397}

Jan 16 2024 10:22:28
{"type":8192,"message":"Using ${var} in strings is deprecated, use {$var} instead","file":"C:\\xampp\\htdocs\\testsite\\wp-content\\plugins\\simply-static\\src\\class-ss-query.php","line":397}

Jan 16 2024 10:22:28
{"type":8192,"message":"Using ${var} in strings is deprecated, use {$var} instead","file":"C:\\xampp\\htdocs\\testsite\\wp-content\\plugins\\simply-static\\src\\class-ss-query.php","line":397}

Jan 16 2024 10:22:29
{"type":8192,"message":"Using ${var} in strings is deprecated, use {$var} instead","file":"C:\\xampp\\htdocs\\testsite\\wp-content\\plugins\\simply-static\\src\\class-ss-query.php","line":397}

Jan 16 2024 10:22:29
{"type":8192,"message":"Using ${var} in strings is deprecated, use {$var} instead","file":"C:\\xampp\\htdocs\\testsite\\wp-content\\plugins\\simply-static\\src\\class-ss-query.php","line":397}

Jan 16 2024 10:22:30
{"type":8192,"message":"Using ${var} in strings is deprecated, use {$var} instead","file":"C:\\xampp\\htdocs\\testsite\\wp-content\\plugins\\simply-static\\src\\class-ss-query.php","line":397}

Jan 16 2024 10:22:30
{"type":8192,"message":"Using ${var} in strings is deprecated, use {$var} instead","file":"C:\\xampp\\htdocs\\testsite\\wp-content\\plugins\\simply-static\\src\\class-ss-query.php","line":397}

Jan 16 2024 10:22:31
{"type":8192,"message":"Using ${var} in strings is deprecated, use {$var} instead","file":"C:\\xampp\\htdocs\\testsite\\wp-content\\plugins\\simply-static\\src\\class-ss-query.php","line":397}

Jan 16 2024 10:22:31
{"type":8192,"message":"Using ${var} in strings is deprecated, use {$var} instead","file":"C:\\xampp\\htdocs\\testsite\\wp-content\\plugins\\simply-static\\src\\class-ss-query.php","line":397}

Jan 16 2024 10:22:32
{"type":8192,"message":"Using ${var} in strings is deprecated, use {$var} instead","file":"C:\\xampp\\htdocs\\testsite\\wp-content\\plugins\\simply-static\\src\\class-ss-query.php","line":397}

Jan 16 2024 10:22:32
{"type":8192,"message":"Using ${var} in strings is deprecated, use {$var} instead","file":"C:\\xampp\\htdocs\\testsite\\wp-content\\plugins\\simply-static\\src\\class-ss-query.php","line":397}

Jan 16 2024 10:22:33
{"type":8192,"message":"Using ${var} in strings is deprecated, use {$var} instead","file":"C:\\xampp\\htdocs\\testsite\\wp-content\\plugins\\simply-static\\src\\class-ss-query.php","line":397}

Jan 16 2024 10:22:34
{"type":8192,"message":"Using ${var} in strings is deprecated, use {$var} instead","file":"C:\\xampp\\htdocs\\testsite\\wp-content\\plugins\\simply-static\\src\\class-ss-query.php","line":397}

Jan 16 2024 10:22:34
{"type":8192,"message":"Using ${var} in strings is deprecated, use {$var} instead","file":"C:\\xampp\\htdocs\\testsite\\wp-content\\plugins\\simply-static\\src\\class-ss-query.php","line":397}

Jan 16 2024 10:22:35
{"type":8192,"message":"Using ${var} in strings is deprecated, use {$var} instead","file":"C:\\xampp\\htdocs\\testsite\\wp-content\\plugins\\simply-static\\src\\class-ss-query.php","line":397}

Jan 16 2024 10:22:35
{"type":8192,"message":"Using ${var} in strings is deprecated, use {$var} instead","file":"C:\\xampp\\htdocs\\testsite\\wp-content\\plugins\\simply-static\\src\\class-ss-query.php","line":397}

Jan 16 2024 10:22:36
{"type":8192,"message":"Using ${var} in strings is deprecated, use {$var} instead","file":"C:\\xampp\\htdocs\\testsite\\wp-content\\plugins\\simply-static\\src\\class-ss-query.php","line":397}

Jan 16 2024 10:22:36
{"type":8192,"message":"Using ${var} in strings is deprecated, use {$var} instead","file":"C:\\xampp\\htdocs\\testsite\\wp-content\\plugins\\simply-static\\src\\class-ss-query.php","line":397}

Jan 16 2024 10:22:37
{"type":8192,"message":"Using ${var} in strings is deprecated, use {$var} instead","file":"C:\\xampp\\htdocs\\testsite\\wp-content\\plugins\\simply-static\\src\\class-ss-query.php","line":397}

Jan 16 2024 10:22:37
{"type":8192,"message":"Using ${var} in strings is deprecated, use {$var} instead","file":"C:\\xampp\\htdocs\\testsite\\wp-content\\plugins\\simply-static\\src\\class-ss-query.php","line":397}

Jan 16 2024 10:22:38
{"type":8192,"message":"Using ${var} in strings is deprecated, use {$var} instead","file":"C:\\xampp\\htdocs\\testsite\\wp-content\\plugins\\simply-static\\src\\class-ss-query.php","line":397}

Jan 16 2024 10:22:38
{"type":8192,"message":"Using ${var} in strings is deprecated, use {$var} instead","file":"C:\\xampp\\htdocs\\testsite\\wp-content\\plugins\\simply-static\\src\\class-ss-query.php","line":397}

Jan 16 2024 10:22:39
{"type":8192,"message":"Using ${var} in strings is deprecated, use {$var} instead","file":"C:\\xampp\\htdocs\\testsite\\wp-content\\plugins\\simply-static\\src\\class-ss-query.php","line":397}

Jan 16 2024 10:22:39
{"type":8192,"message":"Using ${var} in strings is deprecated, use {$var} instead","file":"C:\\xampp\\htdocs\\testsite\\wp-content\\plugins\\simply-static\\src\\class-ss-query.php","line":397}

Jan 16 2024 10:22:40
{"type":8192,"message":"Using ${var} in strings is deprecated, use {$var} instead","file":"C:\\xampp\\htdocs\\testsite\\wp-content\\plugins\\simply-static\\src\\class-ss-query.php","line":397}

Jan 16 2024 10:22:40
{"type":8192,"message":"Using ${var} in strings is deprecated, use {$var} instead","file":"C:\\xampp\\htdocs\\testsite\\wp-content\\plugins\\simply-static\\src\\class-ss-query.php","line":397}

Jan 16 2024 10:22:41
{"type":8192,"message":"Using ${var} in strings is deprecated, use {$var} instead","file":"C:\\xampp\\htdocs\\testsite\\wp-content\\plugins\\simply-static\\src\\class-ss-query.php","line":397}

Jan 16 2024 10:22:41
{"type":8192,"message":"Using ${var} in strings is deprecated, use {$var} instead","file":"C:\\xampp\\htdocs\\testsite\\wp-content\\plugins\\simply-static\\src\\class-ss-query.php","line":397}

Jan 16 2024 10:22:47
{"type":8192,"message":"Using ${var} in strings is deprecated, use {$var} instead","file":"C:\\xampp\\htdocs\\testsite\\wp-content\\plugins\\simply-static\\src\\class-ss-query.php","line":397}

Jan 16 2024 10:22:48
{"type":8192,"message":"Using ${var} in strings is deprecated, use {$var} instead","file":"C:\\xampp\\htdocs\\testsite\\wp-content\\plugins\\simply-static\\src\\class-ss-query.php","line":397}

Jan 16 2024 10:22:58
{"type":8192,"message":"Using ${var} in strings is deprecated, use {$var} instead","file":"C:\\xampp\\htdocs\\testsite\\wp-content\\plugins\\simply-static\\src\\class-ss-query.php","line":397}

Jan 16 2024 10:23:09
{"type":8192,"message":"Using ${var} in strings is deprecated, use {$var} instead","file":"C:\\xampp\\htdocs\\testsite\\wp-content\\plugins\\simply-static\\src\\class-ss-query.php","line":397}

Jan 16 2024 10:23:12
{"type":8192,"message":"Using ${var} in strings is deprecated, use {$var} instead","file":"C:\\xampp\\htdocs\\testsite\\wp-content\\plugins\\simply-static\\src\\class-ss-query.php","line":397}

Jan 16 2024 10:23:23
{"type":8192,"message":"Using ${var} in strings is deprecated, use {$var} instead","file":"C:\\xampp\\htdocs\\testsite\\wp-content\\plugins\\simply-static\\src\\class-ss-query.php","line":397}

Jan 16 2024 10:23:24
{"Number":8192,"Message":"rtrim(): Passing null to parameter #1 ($string) of type string is deprecated","File":"C:\\xampp\\htdocs\\testsite\\wp-includes\\formatting.php","Line":2831}

Jan 16 2024 10:23:24
{"Number":8192,"Message":"rtrim(): Passing null to parameter #1 ($string) of type string is deprecated","File":"C:\\xampp\\htdocs\\testsite\\wp-includes\\formatting.php","Line":2831}

Jan 16 2024 10:23:24
{"Number":8192,"Message":"rtrim(): Passing null to parameter #1 ($string) of type string is deprecated","File":"C:\\xampp\\htdocs\\testsite\\wp-includes\\formatting.php","Line":2831}

Jan 16 2024 10:23:24
{"Number":8192,"Message":"rtrim(): Passing null to parameter #1 ($string) of type string is deprecated","File":"C:\\xampp\\htdocs\\testsite\\wp-includes\\formatting.php","Line":2831}

Jan 16 2024 10:23:24
{"Number":8192,"Message":"rtrim(): Passing null to parameter #1 ($string) of type string is deprecated","File":"C:\\xampp\\htdocs\\testsite\\wp-includes\\formatting.php","Line":2831}

Jan 16 2024 10:23:24
{"Number":8192,"Message":"rtrim(): Passing null to parameter #1 ($string) of type string is deprecated","File":"C:\\xampp\\htdocs\\testsite\\wp-includes\\formatting.php","Line":2831}

Jan 16 2024 10:23:24
{"Number":8192,"Message":"rtrim(): Passing null to parameter #1 ($string) of type string is deprecated","File":"C:\\xampp\\htdocs\\testsite\\wp-includes\\formatting.php","Line":2831}

Jan 16 2024 10:23:24
{"Number":8192,"Message":"rtrim(): Passing null to parameter #1 ($string) of type string is deprecated","File":"C:\\xampp\\htdocs\\testsite\\wp-includes\\formatting.php","Line":2831}

Jan 16 2024 10:23:24
{"Number":8192,"Message":"rtrim(): Passing null to parameter #1 ($string) of type string is deprecated","File":"C:\\xampp\\htdocs\\testsite\\wp-includes\\formatting.php","Line":2831}

Jan 16 2024 10:23:24
{"Number":8192,"Message":"rtrim(): Passing null to parameter #1 ($string) of type string is deprecated","File":"C:\\xampp\\htdocs\\testsite\\wp-includes\\formatting.php","Line":2831}

Jan 16 2024 10:23:24
{"Number":8192,"Message":"rtrim(): Passing null to parameter #1 ($string) of type string is deprecated","File":"C:\\xampp\\htdocs\\testsite\\wp-includes\\formatting.php","Line":2831}

Jan 16 2024 10:23:24
{"Number":8192,"Message":"rtrim(): Passing null to parameter #1 ($string) of type string is deprecated","File":"C:\\xampp\\htdocs\\testsite\\wp-includes\\formatting.php","Line":2831}

Jan 16 2024 10:23:24
{"Number":8192,"Message":"rtrim(): Passing null to parameter #1 ($string) of type string is deprecated","File":"C:\\xampp\\htdocs\\testsite\\wp-includes\\formatting.php","Line":2831}

Jan 16 2024 10:23:24
{"Number":8192,"Message":"rtrim(): Passing null to parameter #1 ($string) of type string is deprecated","File":"C:\\xampp\\htdocs\\testsite\\wp-includes\\formatting.php","Line":2831}

Jan 16 2024 10:23:24
{"Number":8192,"Message":"rtrim(): Passing null to parameter #1 ($string) of type string is deprecated","File":"C:\\xampp\\htdocs\\testsite\\wp-includes\\formatting.php","Line":2831}

Jan 16 2024 10:23:24
{"Number":8192,"Message":"rtrim(): Passing null to parameter #1 ($string) of type string is deprecated","File":"C:\\xampp\\htdocs\\testsite\\wp-includes\\formatting.php","Line":2831}

Jan 16 2024 10:23:24
{"Number":8192,"Message":"rtrim(): Passing null to parameter #1 ($string) of type string is deprecated","File":"C:\\xampp\\htdocs\\testsite\\wp-includes\\formatting.php","Line":2831}

Jan 16 2024 10:23:24
{"Number":8192,"Message":"rtrim(): Passing null to parameter #1 ($string) of type string is deprecated","File":"C:\\xampp\\htdocs\\testsite\\wp-includes\\formatting.php","Line":2831}

Jan 16 2024 10:23:24
{"Number":8192,"Message":"rtrim(): Passing null to parameter #1 ($string) of type string is deprecated","File":"C:\\xampp\\htdocs\\testsite\\wp-includes\\formatting.php","Line":2831}

Jan 16 2024 10:23:24
{"Number":8192,"Message":"rtrim(): Passing null to parameter #1 ($string) of type string is deprecated","File":"C:\\xampp\\htdocs\\testsite\\wp-includes\\formatting.php","Line":2831}

Jan 16 2024 10:23:24
{"Number":8192,"Message":"rtrim(): Passing null to parameter #1 ($string) of type string is deprecated","File":"C:\\xampp\\htdocs\\testsite\\wp-includes\\formatting.php","Line":2831}

Jan 16 2024 10:23:24
{"Number":8192,"Message":"rtrim(): Passing null to parameter #1 ($string) of type string is deprecated","File":"C:\\xampp\\htdocs\\testsite\\wp-includes\\formatting.php","Line":2831}

Jan 16 2024 10:23:24
{"Number":8192,"Message":"rtrim(): Passing null to parameter #1 ($string) of type string is deprecated","File":"C:\\xampp\\htdocs\\testsite\\wp-includes\\formatting.php","Line":2831}

Jan 16 2024 10:23:24
{"Number":8192,"Message":"rtrim(): Passing null to parameter #1 ($string) of type string is deprecated","File":"C:\\xampp\\htdocs\\testsite\\wp-includes\\formatting.php","Line":2831}

Jan 16 2024 10:23:24
{"Number":8192,"Message":"rtrim(): Passing null to parameter #1 ($string) of type string is deprecated","File":"C:\\xampp\\htdocs\\testsite\\wp-includes\\formatting.php","Line":2831}

Jan 16 2024 10:23:24
{"Number":8192,"Message":"rtrim(): Passing null to parameter #1 ($string) of type string is deprecated","File":"C:\\xampp\\htdocs\\testsite\\wp-includes\\formatting.php","Line":2831}

Jan 16 2024 10:23:24
{"Number":8192,"Message":"rtrim(): Passing null to parameter #1 ($string) of type string is deprecated","File":"C:\\xampp\\htdocs\\testsite\\wp-includes\\formatting.php","Line":2831}

Jan 16 2024 10:23:24
{"Number":8192,"Message":"rtrim(): Passing null to parameter #1 ($string) of type string is deprecated","File":"C:\\xampp\\htdocs\\testsite\\wp-includes\\formatting.php","Line":2831}

Jan 16 2024 10:23:24
{"Number":8192,"Message":"rtrim(): Passing null to parameter #1 ($string) of type string is deprecated","File":"C:\\xampp\\htdocs\\testsite\\wp-includes\\formatting.php","Line":2831}

Jan 16 2024 10:23:24
{"Number":8192,"Message":"rtrim(): Passing null to parameter #1 ($string) of type string is deprecated","File":"C:\\xampp\\htdocs\\testsite\\wp-includes\\formatting.php","Line":2831}

Jan 16 2024 10:23:24
{"Number":8192,"Message":"Creation of dynamic property Ai1wm_Database_Mysqli::$old_replace_raw_values is deprecated","File":"C:\\xampp\\htdocs\\testsite\\wp-content\\plugins\\all-in-one-wp-migration\\lib\\vendor\\servmask\\database\\class-ai1wm-database.php","Line":300}

Jan 16 2024 10:23:24
{"Number":8192,"Message":"Creation of dynamic property Ai1wm_Database_Mysqli::$new_replace_raw_values is deprecated","File":"C:\\xampp\\htdocs\\testsite\\wp-content\\plugins\\all-in-one-wp-migration\\lib\\vendor\\servmask\\database\\class-ai1wm-database.php","Line":321}

Jan 16 2024 10:23:26
{"type":8192,"message":"Using ${var} in strings is deprecated, use {$var} instead","file":"C:\\xampp\\htdocs\\testsite\\wp-content\\plugins\\simply-static\\src\\class-ss-query.php","line":397}

Jan 16 2024 10:23:26
{"type":8192,"message":"Return type of Ai1wm_Recursive_Newline_Filter::accept() should either be compatible with FilterIterator::accept(): bool, or the #[\\ReturnTypeWillChange] attribute should be used to temporarily suppress the notice","file":"C:\\xampp\\htdocs\\testsite\\wp-content\\plugins\\all-in-one-wp-migration\\lib\\vendor\\servmask\\filter\\class-ai1wm-recursive-newline-filter.php","line":28}

Jan 16 2024 10:23:28
{"type":8192,"message":"Return type of Ai1wm_Recursive_Newline_Filter::accept() should either be compatible with FilterIterator::accept(): bool, or the #[\\ReturnTypeWillChange] attribute should be used to temporarily suppress the notice","file":"C:\\xampp\\htdocs\\testsite\\wp-content\\plugins\\all-in-one-wp-migration\\lib\\vendor\\servmask\\filter\\class-ai1wm-recursive-newline-filter.php","line":28}

